<?xml version="1.0" encoding="UTF-8"?>
<!-- Generated by org.testng.reporters.JUnitReportReporter -->
<testsuite hostname="NODE944" name="selenium.testScripts.NaukriTestUsingParameters" tests="4" failures="0" timestamp="15 Mar 2019 03:30:20 GMT" time="10.483" errors="0">
  <testcase name="reg1" time="3.072" classname="selenium.testScripts.NaukriTestUsingParameters"/>
  <testcase name="reg2" time="2.732" classname="selenium.testScripts.NaukriTestUsingParameters"/>
  <testcase name="reg1" time="4.433" classname="selenium.testScripts.NaukriTestUsingParameters"/>
  <testcase name="reg2" time="0.246" classname="selenium.testScripts.NaukriTestUsingParameters"/>
</testsuite> <!-- selenium.testScripts.NaukriTestUsingParameters -->
