<?xml version="1.0" encoding="UTF-8"?>
<!-- Generated by org.testng.reporters.JUnitReportReporter -->
<testsuite hostname="vimalapc" name="testScripts.Alerts.PopupsHandling" tests="1" failures="0" timestamp="20 Mar 2019 01:34:58 GMT" time="14.660" errors="0">
  <testcase name="ExampleForConfirmBox" time="14.660" classname="testScripts.Alerts.PopupsHandling"/>
</testsuite> <!-- testScripts.Alerts.PopupsHandling -->
